# JRE version: Java(TM) SE Runtime Environment (8.0_171-b11) (build 1.8.0_171-b11)
# Java VM: Java HotSpot(TM) 64-Bit Server VM (25.171-b11 mixed mode bsd-amd64 compressed oops)
Heap:
 PSYoungGen      total 726016K, used 444520K [0x0000000715580000, 0x0000000745380000, 0x00000007c0000000)
  eden space 688128K, 59% used [0x0000000715580000,0x000000072e29ad68,0x000000073f580000)
  from space 37888K, 99% used [0x0000000742000000,0x00000007444ff558,0x0000000744500000)
  to   space 43520K, 0% used [0x000000073f580000,0x000000073f580000,0x0000000742000000)
 ParOldGen       total 416256K, used 53660K [0x00000005c0000000, 0x00000005d9680000, 0x0000000715580000)
  object space 416256K, 12% used [0x00000005c0000000,0x00000005c3467130,0x00000005d9680000)
 Metaspace       used 82442K, capacity 85004K, committed 85296K, reserved 1122304K
  class space    used 11555K, capacity 12007K, committed 12080K, reserved 1048576K
GC Heap History (10 events):
Event: 9.927 GC heap before
{Heap before GC invocations=11 (full 2):
 PSYoungGen      total 498176K, used 168048K [0x0000000715580000, 0x0000000736080000, 0x00000007c0000000)
  eden space 473600K, 30% used [0x0000000715580000,0x000000071e1d1ed8,0x0000000732400000)
  from space 24576K, 99% used [0x0000000734880000,0x000000073604a198,0x0000000736080000)
  to   space 29696K, 0% used [0x0000000732680000,0x0000000732680000,0x0000000734380000)
 ParOldGen       total 303616K, used 32014K [0x00000005c0000000, 0x00000005d2880000, 0x0000000715580000)
  object space 303616K, 10% used [0x00000005c0000000,0x00000005c1f43860,0x00000005d2880000)
 Metaspace       used 57210K, capacity 58960K, committed 59160K, reserved 1099776K
  class space    used 7937K, capacity 8282K, committed 8368K, reserved 1048576K
Event: 9.951 GC heap after
Heap after GC invocations=11 (full 2):
 PSYoungGen      total 505856K, used 25009K [0x0000000715580000, 0x000000073d800000, 0x00000007c0000000)
  eden space 476160K, 0% used [0x0000000715580000,0x0000000715580000,0x0000000732680000)
  from space 29696K, 84% used [0x0000000732680000,0x0000000733eec520,0x0000000734380000)
  to   space 31744K, 0% used [0x000000073b900000,0x000000073b900000,0x000000073d800000)
 ParOldGen       total 303616K, used 32022K [0x00000005c0000000, 0x00000005d2880000, 0x0000000715580000)
  object space 303616K, 10% used [0x00000005c0000000,0x00000005c1f45860,0x00000005d2880000)
 Metaspace       used 57210K, capacity 58960K, committed 59160K, reserved 1099776K
  class space    used 7937K, capacity 8282K, committed 8368K, reserved 1048576K
}
Event: 9.951 GC heap before
{Heap before GC invocations=12 (full 3):
 PSYoungGen      total 505856K, used 25009K [0x0000000715580000, 0x000000073d800000, 0x00000007c0000000)
  eden space 476160K, 0% used [0x0000000715580000,0x0000000715580000,0x0000000732680000)
  from space 29696K, 84% used [0x0000000732680000,0x0000000733eec520,0x0000000734380000)
  to   space 31744K, 0% used [0x000000073b900000,0x000000073b900000,0x000000073d800000)
 ParOldGen       total 303616K, used 32022K [0x00000005c0000000, 0x00000005d2880000, 0x0000000715580000)
  object space 303616K, 10% used [0x00000005c0000000,0x00000005c1f45860,0x00000005d2880000)
 Metaspace       used 57210K, capacity 58960K, committed 59160K, reserved 1099776K
  class space    used 7937K, capacity 8282K, committed 8368K, reserved 1048576K
Event: 10.120 GC heap after
Heap after GC invocations=12 (full 3):
 PSYoungGen      total 505856K, used 0K [0x0000000715580000, 0x000000073d800000, 0x00000007c0000000)
  eden space 476160K, 0% used [0x0000000715580000,0x0000000715580000,0x0000000732680000)
  from space 29696K, 0% used [0x0000000732680000,0x0000000732680000,0x0000000734380000)
  to   space 31744K, 0% used [0x000000073b900000,0x000000073b900000,0x000000073d800000)
 ParOldGen       total 416256K, used 50113K [0x00000005c0000000, 0x00000005d9680000, 0x0000000715580000)
  object space 416256K, 12% used [0x00000005c0000000,0x00000005c30f07a0,0x00000005d9680000)
 Metaspace       used 57210K, capacity 58960K, committed 59160K, reserved 1099776K
  class space    used 7937K, capacity 8282K, committed 8368K, reserved 1048576K
}
Event: 17.172 GC heap before
{Heap before GC invocations=13 (full 3):
 PSYoungGen      total 505856K, used 476160K [0x0000000715580000, 0x000000073d800000, 0x00000007c0000000)
  eden space 476160K, 100% used [0x0000000715580000,0x0000000732680000,0x0000000732680000)
  from space 29696K, 0% used [0x0000000732680000,0x0000000732680000,0x0000000734380000)
  to   space 31744K, 0% used [0x000000073b900000,0x000000073b900000,0x000000073d800000)
 ParOldGen       total 416256K, used 50113K [0x00000005c0000000, 0x00000005d9680000, 0x0000000715580000)
  object space 416256K, 12% used [0x00000005c0000000,0x00000005c30f07a0,0x00000005d9680000)
 Metaspace       used 72364K, capacity 74392K, committed 74672K, reserved 1114112K
  class space    used 9976K, capacity 10372K, committed 10416K, reserved 1048576K
Event: 17.195 GC heap after
Heap after GC invocations=13 (full 3):
 PSYoungGen      total 603136K, used 24712K [0x0000000715580000, 0x000000073d180000, 0x00000007c0000000)
  eden space 578048K, 0% used [0x0000000715580000,0x0000000715580000,0x0000000738a00000)
  from space 25088K, 98% used [0x000000073b900000,0x000000073d122310,0x000000073d180000)
  to   space 33280K, 0% used [0x0000000739080000,0x0000000739080000,0x000000073b100000)
 ParOldGen       total 416256K, used 50129K [0x00000005c0000000, 0x00000005d9680000, 0x0000000715580000)
  object space 416256K, 12% used [0x00000005c0000000,0x00000005c30f47a0,0x00000005d9680000)
 Metaspace       used 72364K, capacity 74392K, committed 74672K, reserved 1114112K
  class space    used 9976K, capacity 10372K, committed 10416K, reserved 1048576K
}
Event: 19.502 GC heap before
{Heap before GC invocations=14 (full 3):
 PSYoungGen      total 603136K, used 602760K [0x0000000715580000, 0x000000073d180000, 0x00000007c0000000)
  eden space 578048K, 100% used [0x0000000715580000,0x0000000738a00000,0x0000000738a00000)
  from space 25088K, 98% used [0x000000073b900000,0x000000073d122310,0x000000073d180000)
  to   space 33280K, 0% used [0x0000000739080000,0x0000000739080000,0x000000073b100000)
 ParOldGen       total 416256K, used 50129K [0x00000005c0000000, 0x00000005d9680000, 0x0000000715580000)
  object space 416256K, 12% used [0x00000005c0000000,0x00000005c30f47a0,0x00000005d9680000)
 Metaspace       used 78138K, capacity 80586K, committed 80688K, reserved 1118208K
  class space    used 10841K, capacity 11302K, committed 11312K, reserved 1048576K
Event: 19.527 GC heap after
Heap after GC invocations=14 (full 3):
 PSYoungGen      total 617984K, used 33268K [0x0000000715580000, 0x0000000744500000, 0x00000007c0000000)
  eden space 584704K, 0% used [0x0000000715580000,0x0000000715580000,0x0000000739080000)
  from space 33280K, 99% used [0x0000000739080000,0x000000073b0fd0b8,0x000000073b100000)
  to   space 37888K, 0% used [0x0000000742000000,0x0000000742000000,0x0000000744500000)
 ParOldGen       total 416256K, used 51254K [0x00000005c0000000, 0x00000005d9680000, 0x0000000715580000)
  object space 416256K, 12% used [0x00000005c0000000,0x00000005c320dad0,0x00000005d9680000)
 Metaspace       used 78138K, capacity 80586K, committed 80688K, reserved 1118208K
  class space    used 10841K, capacity 11302K, committed 11312K, reserved 1048576K
}
Event: 21.384 GC heap before
{Heap before GC invocations=15 (full 3):
 PSYoungGen      total 617984K, used 617972K [0x0000000715580000, 0x0000000744500000, 0x00000007c0000000)
  eden space 584704K, 100% used [0x0000000715580000,0x0000000739080000,0x0000000739080000)
  from space 33280K, 99% used [0x0000000739080000,0x000000073b0fd0b8,0x000000073b100000)
  to   space 37888K, 0% used [0x0000000742000000,0x0000000742000000,0x0000000744500000)
 ParOldGen       total 416256K, used 51254K [0x00000005c0000000, 0x00000005d9680000, 0x0000000715580000)
  object space 416256K, 12% used [0x00000005c0000000,0x00000005c320dad0,0x00000005d9680000)
 Metaspace       used 79589K, capacity 82080K, committed 82224K, reserved 1120256K
  class space    used 11078K, capacity 11535K, committed 11568K, reserved 1048576K
Event: 21.407 GC heap after
Heap after GC invocations=15 (full 3):
 PSYoungGen      total 726016K, used 37885K [0x0000000715580000, 0x0000000745380000, 0x00000007c0000000)
  eden space 688128K, 0% used [0x0000000715580000,0x0000000715580000,0x000000073f580000)
  from space 37888K, 99% used [0x0000000742000000,0x00000007444ff558,0x0000000744500000)
  to   space 43520K, 0% used [0x000000073f580000,0x000000073f580000,0x0000000742000000)
 ParOldGen       total 416256K, used 53660K [0x00000005c0000000, 0x00000005d9680000, 0x0000000715580000)
  object space 416256K, 12% used [0x00000005c0000000,0x00000005c3467130,0x00000005d9680000)
 Metaspace       used 79589K, capacity 82080K, committed 82224K, reserved 1120256K
  class space    used 11078K, capacity 11535K, committed 11568K, reserved 1048576K
}

