# JRE version: Java(TM) SE Runtime Environment (8.0_171-b11) (build 1.8.0_171-b11)
# Java VM: Java HotSpot(TM) 64-Bit Server VM (25.171-b11 mixed mode bsd-amd64 compressed oops)
Heap:
 PSYoungGen      total 869376K, used 216161K [0x0000000715580000, 0x000000074e600000, 0x00000007c0000000)
  eden space 829952K, 21% used [0x0000000715580000,0x000000072021d268,0x0000000748000000)
  from space 39424K, 99% used [0x000000074ac00000,0x000000074d27b558,0x000000074d280000)
  to   space 45056K, 0% used [0x0000000748000000,0x0000000748000000,0x000000074ac00000)
 ParOldGen       total 371200K, used 54859K [0x00000005c0000000, 0x00000005d6a80000, 0x0000000715580000)
  object space 371200K, 14% used [0x00000005c0000000,0x00000005c3592cd0,0x00000005d6a80000)
 Metaspace       used 81837K, capacity 84430K, committed 84648K, reserved 1122304K
  class space    used 11465K, capacity 11944K, committed 11944K, reserved 1048576K
GC Heap History (10 events):
Event: 6.842 GC heap before
{Heap before GC invocations=11 (full 2):
 PSYoungGen      total 568832K, used 188455K [0x0000000715580000, 0x000000073a680000, 0x00000007c0000000)
  eden space 544256K, 30% used [0x0000000715580000,0x000000071f5a9ab0,0x0000000736900000)
  from space 24576K, 99% used [0x0000000738e80000,0x000000073a660450,0x000000073a680000)
  to   space 30208K, 0% used [0x0000000736b80000,0x0000000736b80000,0x0000000738900000)
 ParOldGen       total 277504K, used 32024K [0x00000005c0000000, 0x00000005d0f00000, 0x0000000715580000)
  object space 277504K, 11% used [0x00000005c0000000,0x00000005c1f46038,0x00000005d0f00000)
 Metaspace       used 57250K, capacity 58998K, committed 59160K, reserved 1099776K
  class space    used 7948K, capacity 8305K, committed 8360K, reserved 1048576K
Event: 6.856 GC heap after
Heap after GC invocations=11 (full 2):
 PSYoungGen      total 577024K, used 23450K [0x0000000715580000, 0x0000000744580000, 0x00000007c0000000)
  eden space 546816K, 0% used [0x0000000715580000,0x0000000715580000,0x0000000736b80000)
  from space 30208K, 77% used [0x0000000736b80000,0x0000000738266b00,0x0000000738900000)
  to   space 31744K, 0% used [0x0000000742680000,0x0000000742680000,0x0000000744580000)
 ParOldGen       total 277504K, used 32032K [0x00000005c0000000, 0x00000005d0f00000, 0x0000000715580000)
  object space 277504K, 11% used [0x00000005c0000000,0x00000005c1f48038,0x00000005d0f00000)
 Metaspace       used 57250K, capacity 58998K, committed 59160K, reserved 1099776K
  class space    used 7948K, capacity 8305K, committed 8360K, reserved 1048576K
}
Event: 6.856 GC heap before
{Heap before GC invocations=12 (full 3):
 PSYoungGen      total 577024K, used 23450K [0x0000000715580000, 0x0000000744580000, 0x00000007c0000000)
  eden space 546816K, 0% used [0x0000000715580000,0x0000000715580000,0x0000000736b80000)
  from space 30208K, 77% used [0x0000000736b80000,0x0000000738266b00,0x0000000738900000)
  to   space 31744K, 0% used [0x0000000742680000,0x0000000742680000,0x0000000744580000)
 ParOldGen       total 277504K, used 32032K [0x00000005c0000000, 0x00000005d0f00000, 0x0000000715580000)
  object space 277504K, 11% used [0x00000005c0000000,0x00000005c1f48038,0x00000005d0f00000)
 Metaspace       used 57250K, capacity 58998K, committed 59160K, reserved 1099776K
  class space    used 7948K, capacity 8305K, committed 8360K, reserved 1048576K
Event: 6.987 GC heap after
Heap after GC invocations=12 (full 3):
 PSYoungGen      total 577024K, used 0K [0x0000000715580000, 0x0000000744580000, 0x00000007c0000000)
  eden space 546816K, 0% used [0x0000000715580000,0x0000000715580000,0x0000000736b80000)
  from space 30208K, 0% used [0x0000000736b80000,0x0000000736b80000,0x0000000738900000)
  to   space 31744K, 0% used [0x0000000742680000,0x0000000742680000,0x0000000744580000)
 ParOldGen       total 371200K, used 48593K [0x00000005c0000000, 0x00000005d6a80000, 0x0000000715580000)
  object space 371200K, 13% used [0x00000005c0000000,0x00000005c2f745a0,0x00000005d6a80000)
 Metaspace       used 57250K, capacity 58998K, committed 59160K, reserved 1099776K
  class space    used 7948K, capacity 8305K, committed 8360K, reserved 1048576K
}
Event: 12.595 GC heap before
{Heap before GC invocations=13 (full 3):
 PSYoungGen      total 577024K, used 546816K [0x0000000715580000, 0x0000000744580000, 0x00000007c0000000)
  eden space 546816K, 100% used [0x0000000715580000,0x0000000736b80000,0x0000000736b80000)
  from space 30208K, 0% used [0x0000000736b80000,0x0000000736b80000,0x0000000738900000)
  to   space 31744K, 0% used [0x0000000742680000,0x0000000742680000,0x0000000744580000)
 ParOldGen       total 371200K, used 48593K [0x00000005c0000000, 0x00000005d6a80000, 0x0000000715580000)
  object space 371200K, 13% used [0x00000005c0000000,0x00000005c2f745a0,0x00000005d6a80000)
 Metaspace       used 72579K, capacity 74798K, committed 75048K, reserved 1114112K
  class space    used 10016K, capacity 10449K, committed 10536K, reserved 1048576K
Event: 12.614 GC heap after
Heap after GC invocations=13 (full 3):
 PSYoungGen      total 706560K, used 25528K [0x0000000715580000, 0x0000000743f80000, 0x00000007c0000000)
  eden space 680960K, 0% used [0x0000000715580000,0x0000000715580000,0x000000073ee80000)
  from space 25600K, 99% used [0x0000000742680000,0x0000000743f6e068,0x0000000743f80000)
  to   space 33280K, 0% used [0x000000073fe80000,0x000000073fe80000,0x0000000741f00000)
 ParOldGen       total 371200K, used 48609K [0x00000005c0000000, 0x00000005d6a80000, 0x0000000715580000)
  object space 371200K, 13% used [0x00000005c0000000,0x00000005c2f785a0,0x00000005d6a80000)
 Metaspace       used 72579K, capacity 74798K, committed 75048K, reserved 1114112K
  class space    used 10016K, capacity 10449K, committed 10536K, reserved 1048576K
}
Event: 15.263 GC heap before
{Heap before GC invocations=14 (full 3):
 PSYoungGen      total 706560K, used 706488K [0x0000000715580000, 0x0000000743f80000, 0x00000007c0000000)
  eden space 680960K, 100% used [0x0000000715580000,0x000000073ee80000,0x000000073ee80000)
  from space 25600K, 99% used [0x0000000742680000,0x0000000743f6e068,0x0000000743f80000)
  to   space 33280K, 0% used [0x000000073fe80000,0x000000073fe80000,0x0000000741f00000)
 ParOldGen       total 371200K, used 48609K [0x00000005c0000000, 0x00000005d6a80000, 0x0000000715580000)
  object space 371200K, 13% used [0x00000005c0000000,0x00000005c2f785a0,0x00000005d6a80000)
 Metaspace       used 79056K, capacity 81660K, committed 81960K, reserved 1120256K
  class space    used 11010K, capacity 11503K, committed 11560K, reserved 1048576K
Event: 15.291 GC heap after
Heap after GC invocations=14 (full 3):
 PSYoungGen      total 730624K, used 33259K [0x0000000715580000, 0x000000074d280000, 0x00000007c0000000)
  eden space 697344K, 0% used [0x0000000715580000,0x0000000715580000,0x000000073fe80000)
  from space 33280K, 99% used [0x000000073fe80000,0x0000000741efae80,0x0000000741f00000)
  to   space 39424K, 0% used [0x000000074ac00000,0x000000074ac00000,0x000000074d280000)
 ParOldGen       total 371200K, used 54013K [0x00000005c0000000, 0x00000005d6a80000, 0x0000000715580000)
  object space 371200K, 14% used [0x00000005c0000000,0x00000005c34bf460,0x00000005d6a80000)
 Metaspace       used 79056K, capacity 81660K, committed 81960K, reserved 1120256K
  class space    used 11010K, capacity 11503K, committed 11560K, reserved 1048576K
}
Event: 17.745 GC heap before
{Heap before GC invocations=15 (full 3):
 PSYoungGen      total 730624K, used 730603K [0x0000000715580000, 0x000000074d280000, 0x00000007c0000000)
  eden space 697344K, 100% used [0x0000000715580000,0x000000073fe80000,0x000000073fe80000)
  from space 33280K, 99% used [0x000000073fe80000,0x0000000741efae80,0x0000000741f00000)
  to   space 39424K, 0% used [0x000000074ac00000,0x000000074ac00000,0x000000074d280000)
 ParOldGen       total 371200K, used 54013K [0x00000005c0000000, 0x00000005d6a80000, 0x0000000715580000)
  object space 371200K, 14% used [0x00000005c0000000,0x00000005c34bf460,0x00000005d6a80000)
 Metaspace       used 81189K, capacity 83776K, committed 84136K, reserved 1122304K
  class space    used 11389K, capacity 11875K, committed 11944K, reserved 1048576K
Event: 17.770 GC heap after
Heap after GC invocations=15 (full 3):
 PSYoungGen      total 869376K, used 39405K [0x0000000715580000, 0x000000074e600000, 0x00000007c0000000)
  eden space 829952K, 0% used [0x0000000715580000,0x0000000715580000,0x0000000748000000)
  from space 39424K, 99% used [0x000000074ac00000,0x000000074d27b558,0x000000074d280000)
  to   space 45056K, 0% used [0x0000000748000000,0x0000000748000000,0x000000074ac00000)
 ParOldGen       total 371200K, used 54859K [0x00000005c0000000, 0x00000005d6a80000, 0x0000000715580000)
  object space 371200K, 14% used [0x00000005c0000000,0x00000005c3592cd0,0x00000005d6a80000)
 Metaspace       used 81189K, capacity 83776K, committed 84136K, reserved 1122304K
  class space    used 11389K, capacity 11875K, committed 11944K, reserved 1048576K
}

