# JRE version: Java(TM) SE Runtime Environment (8.0_171-b11) (build 1.8.0_171-b11)
# Java VM: Java HotSpot(TM) 64-Bit Server VM (25.171-b11 mixed mode bsd-amd64 compressed oops)
Heap:
 PSYoungGen      total 1671680K, used 1563120K [0x0000000715580000, 0x00000007b7c00000, 0x00000007c0000000)
  eden space 1651712K, 93% used [0x0000000715580000,0x00000007738e1ad0,0x000000077a280000)
  from space 19968K, 97% used [0x00000007b5600000,0x00000007b691a920,0x00000007b6980000)
  to   space 18944K, 0% used [0x00000007b6980000,0x00000007b6980000,0x00000007b7c00000)
 ParOldGen       total 359424K, used 115359K [0x00000005c0000000, 0x00000005d5f00000, 0x0000000715580000)
  object space 359424K, 32% used [0x00000005c0000000,0x00000005c70a7ff0,0x00000005d5f00000)
 Metaspace       used 106000K, capacity 110268K, committed 110504K, reserved 1142784K
  class space    used 15573K, capacity 16273K, committed 16296K, reserved 1048576K
GC Heap History (10 events):
Event: 136931.705 GC heap before
{Heap before GC invocations=29 (full 4):
 PSYoungGen      total 2087936K, used 2087924K [0x0000000715580000, 0x00000007bb800000, 0x00000007c0000000)
  eden space 2066944K, 100% used [0x0000000715580000,0x0000000793800000,0x0000000793800000)
  from space 20992K, 99% used [0x00000007ba380000,0x00000007bb7fd0d0,0x00000007bb800000)
  to   space 31744K, 0% used [0x00000007b7a00000,0x00000007b7a00000,0x00000007b9900000)
 ParOldGen       total 359424K, used 111084K [0x00000005c0000000, 0x00000005d5f00000, 0x0000000715580000)
  object space 359424K, 30% used [0x00000005c0000000,0x00000005c6c7b098,0x00000005d5f00000)
 Metaspace       used 105900K, capacity 110000K, committed 110248K, reserved 1142784K
  class space    used 15548K, capacity 16239K, committed 16296K, reserved 1048576K
Event: 136931.868 GC heap after
Heap after GC invocations=29 (full 4):
 PSYoungGen      total 1997824K, used 22150K [0x0000000715580000, 0x00000007ba400000, 0x00000007c0000000)
  eden space 1975296K, 0% used [0x0000000715580000,0x0000000715580000,0x000000078de80000)
  from space 22528K, 98% used [0x00000007b7a00000,0x00000007b8fa1a68,0x00000007b9000000)
  to   space 20480K, 0% used [0x00000007b9000000,0x00000007b9000000,0x00000007ba400000)
 ParOldGen       total 359424K, used 113451K [0x00000005c0000000, 0x00000005d5f00000, 0x0000000715580000)
  object space 359424K, 31% used [0x00000005c0000000,0x00000005c6ecac70,0x00000005d5f00000)
 Metaspace       used 105900K, capacity 110000K, committed 110248K, reserved 1142784K
  class space    used 15548K, capacity 16239K, committed 16296K, reserved 1048576K
}
Event: 160434.529 GC heap before
{Heap before GC invocations=30 (full 4):
 PSYoungGen      total 1997824K, used 1997446K [0x0000000715580000, 0x00000007ba400000, 0x00000007c0000000)
  eden space 1975296K, 100% used [0x0000000715580000,0x000000078de80000,0x000000078de80000)
  from space 22528K, 98% used [0x00000007b7a00000,0x00000007b8fa1a68,0x00000007b9000000)
  to   space 20480K, 0% used [0x00000007b9000000,0x00000007b9000000,0x00000007ba400000)
 ParOldGen       total 359424K, used 113451K [0x00000005c0000000, 0x00000005d5f00000, 0x0000000715580000)
  object space 359424K, 31% used [0x00000005c0000000,0x00000005c6ecac70,0x00000005d5f00000)
 Metaspace       used 105900K, capacity 110000K, committed 110248K, reserved 1142784K
  class space    used 15548K, capacity 16239K, committed 16296K, reserved 1048576K
Event: 160434.731 GC heap after
Heap after GC invocations=30 (full 4):
 PSYoungGen      total 1908736K, used 20477K [0x0000000715580000, 0x00000007ba400000, 0x00000007c0000000)
  eden space 1888256K, 0% used [0x0000000715580000,0x0000000715580000,0x0000000788980000)
  from space 20480K, 99% used [0x00000007b9000000,0x00000007ba3ff4d0,0x00000007ba400000)
  to   space 31232K, 0% used [0x00000007b6700000,0x00000007b6700000,0x00000007b8580000)
 ParOldGen       total 359424K, used 115031K [0x00000005c0000000, 0x00000005d5f00000, 0x0000000715580000)
  object space 359424K, 32% used [0x00000005c0000000,0x00000005c7055fd0,0x00000005d5f00000)
 Metaspace       used 105900K, capacity 110000K, committed 110248K, reserved 1142784K
  class space    used 15548K, capacity 16239K, committed 16296K, reserved 1048576K
}
Event: 183716.113 GC heap before
{Heap before GC invocations=31 (full 4):
 PSYoungGen      total 1908736K, used 1908733K [0x0000000715580000, 0x00000007ba400000, 0x00000007c0000000)
  eden space 1888256K, 100% used [0x0000000715580000,0x0000000788980000,0x0000000788980000)
  from space 20480K, 99% used [0x00000007b9000000,0x00000007ba3ff4d0,0x00000007ba400000)
  to   space 31232K, 0% used [0x00000007b6700000,0x00000007b6700000,0x00000007b8580000)
 ParOldGen       total 359424K, used 115031K [0x00000005c0000000, 0x00000005d5f00000, 0x0000000715580000)
  object space 359424K, 32% used [0x00000005c0000000,0x00000005c7055fd0,0x00000005d5f00000)
 Metaspace       used 105900K, capacity 110000K, committed 110248K, reserved 1142784K
  class space    used 15548K, capacity 16239K, committed 16296K, reserved 1048576K
Event: 183716.244 GC heap after
Heap after GC invocations=31 (full 4):
 PSYoungGen      total 1826304K, used 20982K [0x0000000715580000, 0x00000007b9080000, 0x00000007c0000000)
  eden space 1805312K, 0% used [0x0000000715580000,0x0000000715580000,0x0000000783880000)
  from space 20992K, 99% used [0x00000007b6700000,0x00000007b7b7d850,0x00000007b7b80000)
  to   space 21504K, 0% used [0x00000007b7b80000,0x00000007b7b80000,0x00000007b9080000)
 ParOldGen       total 359424K, used 115343K [0x00000005c0000000, 0x00000005d5f00000, 0x0000000715580000)
  object space 359424K, 32% used [0x00000005c0000000,0x00000005c70a3ff0,0x00000005d5f00000)
 Metaspace       used 105900K, capacity 110000K, committed 110248K, reserved 1142784K
  class space    used 15548K, capacity 16239K, committed 16296K, reserved 1048576K
}
Event: 206747.070 GC heap before
{Heap before GC invocations=32 (full 4):
 PSYoungGen      total 1826304K, used 1826294K [0x0000000715580000, 0x00000007b9080000, 0x00000007c0000000)
  eden space 1805312K, 100% used [0x0000000715580000,0x0000000783880000,0x0000000783880000)
  from space 20992K, 99% used [0x00000007b6700000,0x00000007b7b7d850,0x00000007b7b80000)
  to   space 21504K, 0% used [0x00000007b7b80000,0x00000007b7b80000,0x00000007b9080000)
 ParOldGen       total 359424K, used 115343K [0x00000005c0000000, 0x00000005d5f00000, 0x0000000715580000)
  object space 359424K, 32% used [0x00000005c0000000,0x00000005c70a3ff0,0x00000005d5f00000)
 Metaspace       used 105900K, capacity 110000K, committed 110248K, reserved 1142784K
  class space    used 15548K, capacity 16239K, committed 16296K, reserved 1048576K
Event: 206747.256 GC heap after
Heap after GC invocations=32 (full 4):
 PSYoungGen      total 1747456K, used 20484K [0x0000000715580000, 0x00000007b9000000, 0x00000007c0000000)
  eden space 1726464K, 0% used [0x0000000715580000,0x0000000715580000,0x000000077eb80000)
  from space 20992K, 97% used [0x00000007b7b80000,0x00000007b8f81270,0x00000007b9000000)
  to   space 29696K, 0% used [0x00000007b5600000,0x00000007b5600000,0x00000007b7300000)
 ParOldGen       total 359424K, used 115351K [0x00000005c0000000, 0x00000005d5f00000, 0x0000000715580000)
  object space 359424K, 32% used [0x00000005c0000000,0x00000005c70a5ff0,0x00000005d5f00000)
 Metaspace       used 105900K, capacity 110000K, committed 110248K, reserved 1142784K
  class space    used 15548K, capacity 16239K, committed 16296K, reserved 1048576K
}
Event: 225178.301 GC heap before
{Heap before GC invocations=33 (full 4):
 PSYoungGen      total 1747456K, used 1746948K [0x0000000715580000, 0x00000007b9000000, 0x00000007c0000000)
  eden space 1726464K, 100% used [0x0000000715580000,0x000000077eb80000,0x000000077eb80000)
  from space 20992K, 97% used [0x00000007b7b80000,0x00000007b8f81270,0x00000007b9000000)
  to   space 29696K, 0% used [0x00000007b5600000,0x00000007b5600000,0x00000007b7300000)
 ParOldGen       total 359424K, used 115351K [0x00000005c0000000, 0x00000005d5f00000, 0x0000000715580000)
  object space 359424K, 32% used [0x00000005c0000000,0x00000005c70a5ff0,0x00000005d5f00000)
 Metaspace       used 105900K, capacity 110000K, committed 110248K, reserved 1142784K
  class space    used 15548K, capacity 16239K, committed 16296K, reserved 1048576K
Event: 225178.712 GC heap after
Heap after GC invocations=33 (full 4):
 PSYoungGen      total 1671680K, used 19562K [0x0000000715580000, 0x00000007b7c00000, 0x00000007c0000000)
  eden space 1651712K, 0% used [0x0000000715580000,0x0000000715580000,0x000000077a280000)
  from space 19968K, 97% used [0x00000007b5600000,0x00000007b691a920,0x00000007b6980000)
  to   space 18944K, 0% used [0x00000007b6980000,0x00000007b6980000,0x00000007b7c00000)
 ParOldGen       total 359424K, used 115359K [0x00000005c0000000, 0x00000005d5f00000, 0x0000000715580000)
  object space 359424K, 32% used [0x00000005c0000000,0x00000005c70a7ff0,0x00000005d5f00000)
 Metaspace       used 105900K, capacity 110000K, committed 110248K, reserved 1142784K
  class space    used 15548K, capacity 16239K, committed 16296K, reserved 1048576K
}

