# JRE version: Java(TM) SE Runtime Environment (8.0_171-b11) (build 1.8.0_171-b11)
# Java VM: Java HotSpot(TM) 64-Bit Server VM (25.171-b11 mixed mode bsd-amd64 compressed oops)
Heap:
 PSYoungGen      total 727552K, used 98928K [0x0000000715580000, 0x0000000746d80000, 0x00000007c0000000)
  eden space 714240K, 12% used [0x0000000715580000,0x000000071a94b9c8,0x0000000740f00000)
  from space 13312K, 98% used [0x0000000742400000,0x00000007430d0810,0x0000000743100000)
  to   space 48128K, 0% used [0x0000000743e80000,0x0000000743e80000,0x0000000746d80000)
 ParOldGen       total 604672K, used 89939K [0x00000005c0000000, 0x00000005e4e80000, 0x0000000715580000)
  object space 604672K, 14% used [0x00000005c0000000,0x00000005c57d4f28,0x00000005e4e80000)
 Metaspace       used 97407K, capacity 102032K, committed 102312K, reserved 1136640K
  class space    used 13972K, capacity 14687K, committed 14760K, reserved 1048576K
GC Heap History (10 events):
Event: 5356.870 GC heap before
{Heap before GC invocations=19 (full 4):
 PSYoungGen      total 884224K, used 839931K [0x0000000715580000, 0x000000074f000000, 0x00000007c0000000)
  eden space 832000K, 100% used [0x0000000715580000,0x0000000748200000,0x0000000748200000)
  from space 52224K, 15% used [0x000000074bd00000,0x000000074c4bec68,0x000000074f000000)
  to   space 56320K, 0% used [0x0000000748200000,0x0000000748200000,0x000000074b900000)
 ParOldGen       total 604672K, used 89899K [0x00000005c0000000, 0x00000005e4e80000, 0x0000000715580000)
  object space 604672K, 14% used [0x00000005c0000000,0x00000005c57caf28,0x00000005e4e80000)
 Metaspace       used 97120K, capacity 101726K, committed 102056K, reserved 1136640K
  class space    used 13940K, capacity 14668K, committed 14760K, reserved 1048576K
Event: 5357.014 GC heap after
Heap after GC invocations=19 (full 4):
 PSYoungGen      total 817152K, used 10559K [0x0000000715580000, 0x000000074d500000, 0x00000007c0000000)
  eden space 806400K, 0% used [0x0000000715580000,0x0000000715580000,0x0000000746900000)
  from space 10752K, 98% used [0x0000000748200000,0x0000000748c4fdb8,0x0000000748c80000)
  to   space 55296K, 0% used [0x0000000749f00000,0x0000000749f00000,0x000000074d500000)
 ParOldGen       total 604672K, used 89907K [0x00000005c0000000, 0x00000005e4e80000, 0x0000000715580000)
  object space 604672K, 14% used [0x00000005c0000000,0x00000005c57ccf28,0x00000005e4e80000)
 Metaspace       used 97120K, capacity 101726K, committed 102056K, reserved 1136640K
  class space    used 13940K, capacity 14668K, committed 14760K, reserved 1048576K
}
Event: 17964.994 GC heap before
{Heap before GC invocations=20 (full 4):
 PSYoungGen      total 817152K, used 816959K [0x0000000715580000, 0x000000074d500000, 0x00000007c0000000)
  eden space 806400K, 100% used [0x0000000715580000,0x0000000746900000,0x0000000746900000)
  from space 10752K, 98% used [0x0000000748200000,0x0000000748c4fdb8,0x0000000748c80000)
  to   space 55296K, 0% used [0x0000000749f00000,0x0000000749f00000,0x000000074d500000)
 ParOldGen       total 604672K, used 89907K [0x00000005c0000000, 0x00000005e4e80000, 0x0000000715580000)
  object space 604672K, 14% used [0x00000005c0000000,0x00000005c57ccf28,0x00000005e4e80000)
 Metaspace       used 97142K, capacity 101726K, committed 102056K, reserved 1136640K
  class space    used 13944K, capacity 14668K, committed 14760K, reserved 1048576K
Event: 17965.091 GC heap after
Heap after GC invocations=20 (full 4):
 PSYoungGen      total 809472K, used 13245K [0x0000000715580000, 0x000000074ba00000, 0x00000007c0000000)
  eden space 781824K, 0% used [0x0000000715580000,0x0000000715580000,0x0000000745100000)
  from space 27648K, 47% used [0x0000000749f00000,0x000000074abef6a8,0x000000074ba00000)
  to   space 53760K, 0% used [0x0000000745100000,0x0000000745100000,0x0000000748580000)
 ParOldGen       total 604672K, used 89915K [0x00000005c0000000, 0x00000005e4e80000, 0x0000000715580000)
  object space 604672K, 14% used [0x00000005c0000000,0x00000005c57cef28,0x00000005e4e80000)
 Metaspace       used 97142K, capacity 101726K, committed 102056K, reserved 1136640K
  class space    used 13944K, capacity 14668K, committed 14760K, reserved 1048576K
}
Event: 31751.549 GC heap before
{Heap before GC invocations=21 (full 4):
 PSYoungGen      total 809472K, used 795069K [0x0000000715580000, 0x000000074ba00000, 0x00000007c0000000)
  eden space 781824K, 100% used [0x0000000715580000,0x0000000745100000,0x0000000745100000)
  from space 27648K, 47% used [0x0000000749f00000,0x000000074abef6a8,0x000000074ba00000)
  to   space 53760K, 0% used [0x0000000745100000,0x0000000745100000,0x0000000748580000)
 ParOldGen       total 604672K, used 89915K [0x00000005c0000000, 0x00000005e4e80000, 0x0000000715580000)
  object space 604672K, 14% used [0x00000005c0000000,0x00000005c57cef28,0x00000005e4e80000)
 Metaspace       used 97308K, capacity 101880K, committed 102056K, reserved 1136640K
  class space    used 13958K, capacity 14671K, committed 14760K, reserved 1048576K
Event: 31752.626 GC heap after
Heap after GC invocations=21 (full 4):
 PSYoungGen      total 772096K, used 13523K [0x0000000715580000, 0x0000000749f80000, 0x00000007c0000000)
  eden space 758272K, 0% used [0x0000000715580000,0x0000000715580000,0x0000000743a00000)
  from space 13824K, 97% used [0x0000000745100000,0x0000000745e34ce0,0x0000000745e80000)
  to   space 51712K, 0% used [0x0000000746d00000,0x0000000746d00000,0x0000000749f80000)
 ParOldGen       total 604672K, used 89923K [0x00000005c0000000, 0x00000005e4e80000, 0x0000000715580000)
  object space 604672K, 14% used [0x00000005c0000000,0x00000005c57d0f28,0x00000005e4e80000)
 Metaspace       used 97308K, capacity 101880K, committed 102056K, reserved 1136640K
  class space    used 13958K, capacity 14671K, committed 14760K, reserved 1048576K
}
Event: 45877.797 GC heap before
{Heap before GC invocations=22 (full 4):
 PSYoungGen      total 772096K, used 771795K [0x0000000715580000, 0x0000000749f80000, 0x00000007c0000000)
  eden space 758272K, 100% used [0x0000000715580000,0x0000000743a00000,0x0000000743a00000)
  from space 13824K, 97% used [0x0000000745100000,0x0000000745e34ce0,0x0000000745e80000)
  to   space 51712K, 0% used [0x0000000746d00000,0x0000000746d00000,0x0000000749f80000)
 ParOldGen       total 604672K, used 89923K [0x00000005c0000000, 0x00000005e4e80000, 0x0000000715580000)
  object space 604672K, 14% used [0x00000005c0000000,0x00000005c57d0f28,0x00000005e4e80000)
 Metaspace       used 97308K, capacity 101880K, committed 102056K, reserved 1136640K
  class space    used 13959K, capacity 14671K, committed 14760K, reserved 1048576K
Event: 45878.343 GC heap after
Heap after GC invocations=22 (full 4):
 PSYoungGen      total 760320K, used 13721K [0x0000000715580000, 0x0000000748500000, 0x00000007c0000000)
  eden space 735744K, 0% used [0x0000000715580000,0x0000000715580000,0x0000000742400000)
  from space 24576K, 55% used [0x0000000746d00000,0x0000000747a665d0,0x0000000748500000)
  to   space 49664K, 0% used [0x0000000742400000,0x0000000742400000,0x0000000745480000)
 ParOldGen       total 604672K, used 89931K [0x00000005c0000000, 0x00000005e4e80000, 0x0000000715580000)
  object space 604672K, 14% used [0x00000005c0000000,0x00000005c57d2f28,0x00000005e4e80000)
 Metaspace       used 97308K, capacity 101880K, committed 102056K, reserved 1136640K
  class space    used 13959K, capacity 14671K, committed 14760K, reserved 1048576K
}
Event: 58542.922 GC heap before
{Heap before GC invocations=23 (full 4):
 PSYoungGen      total 760320K, used 749465K [0x0000000715580000, 0x0000000748500000, 0x00000007c0000000)
  eden space 735744K, 100% used [0x0000000715580000,0x0000000742400000,0x0000000742400000)
  from space 24576K, 55% used [0x0000000746d00000,0x0000000747a665d0,0x0000000748500000)
  to   space 49664K, 0% used [0x0000000742400000,0x0000000742400000,0x0000000745480000)
 ParOldGen       total 604672K, used 89931K [0x00000005c0000000, 0x00000005e4e80000, 0x0000000715580000)
  object space 604672K, 14% used [0x00000005c0000000,0x00000005c57d2f28,0x00000005e4e80000)
 Metaspace       used 97407K, capacity 102032K, committed 102312K, reserved 1136640K
  class space    used 13972K, capacity 14687K, committed 14760K, reserved 1048576K
Event: 58543.585 GC heap after
Heap after GC invocations=23 (full 4):
 PSYoungGen      total 727552K, used 13122K [0x0000000715580000, 0x0000000746d80000, 0x00000007c0000000)
  eden space 714240K, 0% used [0x0000000715580000,0x0000000715580000,0x0000000740f00000)
  from space 13312K, 98% used [0x0000000742400000,0x00000007430d0810,0x0000000743100000)
  to   space 48128K, 0% used [0x0000000743e80000,0x0000000743e80000,0x0000000746d80000)
 ParOldGen       total 604672K, used 89939K [0x00000005c0000000, 0x00000005e4e80000, 0x0000000715580000)
  object space 604672K, 14% used [0x00000005c0000000,0x00000005c57d4f28,0x00000005e4e80000)
 Metaspace       used 97407K, capacity 102032K, committed 102312K, reserved 1136640K
  class space    used 13972K, capacity 14687K, committed 14760K, reserved 1048576K
}

